<?xml version="1.0" encoding="UTF-8"?>
<!-- Generated by org.testng.reporters.JUnitReportReporter -->
<testsuite hostname="LT-LZ-0217" failures="0" tests="5" name="testCases.DataDrivenLoginTest" time="20.764" errors="0" timestamp="2025-10-31T23:16:35 IST" skipped="0">
  <testcase classname="testCases.DataDrivenLoginTest" name="verifyLoginDDT" time="5.623"/>
  <testcase classname="testCases.DataDrivenLoginTest" name="verifyLoginDDT" time="4.674"/>
  <testcase classname="testCases.DataDrivenLoginTest" name="verifyLoginDDT" time="4.946"/>
  <testcase classname="testCases.DataDrivenLoginTest" name="verifyLoginDDT" time="4.818"/>
  <testcase classname="testCases.DataDrivenLoginTest" name="verifyLoginDDT" time="0.703"/>
</testsuite> <!-- testCases.DataDrivenLoginTest -->
