<?xml version="1.0" encoding="UTF-8"?>
<!-- Generated by org.testng.reporters.JUnitXMLReporter -->
<testsuite ignored="0" hostname="LT-LZ-0217" failures="1" tests="5" name="LoginTest" time="31.463" errors="0" timestamp="2025-10-31T10:47:51 IST">
  <testcase classname="testCases.DataDrivenLoginTest" name="verifyLoginDDT" time="7.304"/>
  <testcase classname="testCases.DataDrivenLoginTest" name="verifyLoginDDT" time="6.468"/>
  <testcase classname="testCases.DataDrivenLoginTest" name="verifyLoginDDT" time="5.594"/>
  <testcase classname="testCases.DataDrivenLoginTest" name="verifyLoginDDT" time="1.159">
    <failure type="java.lang.AssertionError" message="Expected &amp;apos;IvyDMS&amp;apos; but found &amp;apos;IvyDMS - Login&amp;apos;">
      <![CDATA[java.lang.AssertionError: Expected 'IvyDMS' but found 'IvyDMS - Login'
at testCases.DataDrivenLoginTest.verifyLoginDDT(DataDrivenLoginTest.java:40)
at java.base/java.util.ArrayList.forEach(ArrayList.java:1596)
... Removed 26 stack frames]]>
    </failure>
  </testcase> <!-- verifyLoginDDT -->
  <testcase classname="testCases.DataDrivenLoginTest" name="verifyLoginDDT" time="1.073"/>
</testsuite> <!-- LoginTest -->
