<?xml version="1.0" encoding="UTF-8"?>
<!-- Generated by org.testng.reporters.JUnitXMLReporter -->
<testsuite ignored="0" hostname="LT-LZ-0217" failures="1" tests="5" name="LoginTest" time="21.718" errors="0" timestamp="2025-10-31T01:41:07 IST">
  <testcase classname="testCases.DataDrivenLoginTest" name="verifyLoginDDT" time="5.629"/>
  <testcase classname="testCases.DataDrivenLoginTest" name="verifyLoginDDT" time="4.657"/>
  <testcase classname="testCases.DataDrivenLoginTest" name="verifyLoginDDT" time="4.724"/>
  <testcase classname="testCases.DataDrivenLoginTest" name="verifyLoginDDT" time="0.612">
    <failure type="java.lang.AssertionError" message="Expected &amp;apos;IvyDMS&amp;apos; but found &amp;apos;IvyDMS - Login&amp;apos;">
      <![CDATA[java.lang.AssertionError: Expected 'IvyDMS' but found 'IvyDMS - Login'
at testCases.DataDrivenLoginTest.verifyLoginDDT(DataDrivenLoginTest.java:40)
at java.base/java.util.ArrayList.forEach(ArrayList.java:1596)
... Removed 26 stack frames]]>
    </failure>
  </testcase> <!-- verifyLoginDDT -->
  <testcase classname="testCases.DataDrivenLoginTest" name="verifyLoginDDT" time="0.582"/>
</testsuite> <!-- LoginTest -->
