<?xml version="1.0" encoding="UTF-8"?>
<testng-results ignored="0" total="2" passed="2" failed="0" skipped="0">
  <reporter-output>
  </reporter-output>
  <suite started-at="2025-10-31T10:48:11 IST" name="Default suite" finished-at="2025-10-31T10:48:28 IST" duration-ms="17125">
    <groups>
    </groups>
    <test started-at="2025-10-31T10:48:11 IST" name="Default test" finished-at="2025-10-31T10:48:28 IST" duration-ms="17125">
      <class name="testCases.LoginTest">
        <test-method is-config="true" signature="setup(java.lang.String)[pri:0, instance:testCases.LoginTest@241e8ea6]" started-at="2025-10-31T10:48:11 IST" name="setup" finished-at="2025-10-31T10:48:17 IST" duration-ms="5558" status="PASS">
          <params>
            <param index="0">
              <value>
                <![CDATA[chrome]]>
              </value>
            </param>
          </params>
          <reporter-output>
          </reporter-output>
        </test-method> <!-- setup -->
        <test-method signature="verifyLogin()[pri:1, instance:testCases.LoginTest@241e8ea6]" started-at="2025-10-31T10:48:17 IST" name="verifyLogin" finished-at="2025-10-31T10:48:20 IST" duration-ms="2733" status="PASS">
          <reporter-output>
          </reporter-output>
        </test-method> <!-- verifyLogin -->
        <test-method signature="VerifyLogout()[pri:10, instance:testCases.LoginTest@241e8ea6]" started-at="2025-10-31T10:48:20 IST" name="VerifyLogout" finished-at="2025-10-31T10:48:27 IST" duration-ms="7205" status="PASS">
          <reporter-output>
          </reporter-output>
        </test-method> <!-- VerifyLogout -->
        <test-method is-config="true" signature="tearDown()[pri:0, instance:testCases.LoginTest@241e8ea6]" started-at="2025-10-31T10:48:27 IST" name="tearDown" finished-at="2025-10-31T10:48:28 IST" duration-ms="1471" status="PASS">
          <reporter-output>
          </reporter-output>
        </test-method> <!-- tearDown -->
      </class> <!-- testCases.LoginTest -->
    </test> <!-- Default test -->
  </suite> <!-- Default suite -->
</testng-results>
