<?xml version="1.0" encoding="UTF-8"?>
<testng-results ignored="0" total="5" passed="4" failed="1" skipped="0">
  <reporter-output>
  </reporter-output>
  <suite started-at="2025-10-31T01:40:45 IST" name="Suite" finished-at="2025-10-31T01:41:07 IST" duration-ms="21718">
    <groups>
    </groups>
    <test started-at="2025-10-31T01:40:45 IST" name="LoginTest" finished-at="2025-10-31T01:41:07 IST" duration-ms="21718">
      <class name="testCases.DataDrivenLoginTest">
        <test-method is-config="true" signature="setup(java.lang.String,java.lang.String)[pri:0, instance:testCases.DataDrivenLoginTest@6ad59d92]" started-at="2025-10-31T01:40:45 IST" name="setup" finished-at="2025-10-31T01:40:48 IST" duration-ms="3629" status="PASS">
          <params>
            <param index="0">
              <value>
                <![CDATA[windows]]>
              </value>
            </param>
            <param index="1">
              <value>
                <![CDATA[chrome]]>
              </value>
            </param>
          </params>
          <reporter-output>
          </reporter-output>
        </test-method> <!-- setup -->
        <test-method signature="verifyLoginDDT(java.lang.String,java.lang.String,java.lang.String)[pri:0, instance:testCases.DataDrivenLoginTest@6ad59d92]" started-at="2025-10-31T01:40:50 IST" name="verifyLoginDDT" data-provider="LoginData" finished-at="2025-10-31T01:40:56 IST" duration-ms="5629" status="PASS">
          <params>
            <param index="0">
              <value>
                <![CDATA[L1_user]]>
              </value>
            </param>
            <param index="1">
              <value>
                <![CDATA[1]]>
              </value>
            </param>
            <param index="2">
              <value>
                <![CDATA[Valid]]>
              </value>
            </param>
          </params>
          <reporter-output>
          </reporter-output>
        </test-method> <!-- verifyLoginDDT -->
        <test-method signature="verifyLoginDDT(java.lang.String,java.lang.String,java.lang.String)[pri:0, instance:testCases.DataDrivenLoginTest@6ad59d92]" started-at="2025-10-31T01:40:56 IST" name="verifyLoginDDT" data-provider="LoginData" finished-at="2025-10-31T01:41:00 IST" duration-ms="4657" status="PASS">
          <params>
            <param index="0">
              <value>
                <![CDATA[Bimbo_Catalog]]>
              </value>
            </param>
            <param index="1">
              <value>
                <![CDATA[1]]>
              </value>
            </param>
            <param index="2">
              <value>
                <![CDATA[Valid]]>
              </value>
            </param>
          </params>
          <reporter-output>
          </reporter-output>
        </test-method> <!-- verifyLoginDDT -->
        <test-method signature="verifyLoginDDT(java.lang.String,java.lang.String,java.lang.String)[pri:0, instance:testCases.DataDrivenLoginTest@6ad59d92]" started-at="2025-10-31T01:41:00 IST" name="verifyLoginDDT" data-provider="LoginData" finished-at="2025-10-31T01:41:05 IST" duration-ms="4724" status="PASS">
          <params>
            <param index="0">
              <value>
                <![CDATA[901976_disp]]>
              </value>
            </param>
            <param index="1">
              <value>
                <![CDATA[0]]>
              </value>
            </param>
            <param index="2">
              <value>
                <![CDATA[Valid]]>
              </value>
            </param>
          </params>
          <reporter-output>
          </reporter-output>
        </test-method> <!-- verifyLoginDDT -->
        <test-method signature="verifyLoginDDT(java.lang.String,java.lang.String,java.lang.String)[pri:0, instance:testCases.DataDrivenLoginTest@6ad59d92]" started-at="2025-10-31T01:41:05 IST" name="verifyLoginDDT" data-provider="LoginData" finished-at="2025-10-31T01:41:06 IST" duration-ms="612" status="FAIL">
          <params>
            <param index="0">
              <value>
                <![CDATA[901976_cash]]>
              </value>
            </param>
            <param index="1">
              <value>
                <![CDATA[0]]>
              </value>
            </param>
            <param index="2">
              <value>
                <![CDATA[Valid]]>
              </value>
            </param>
          </params>
          <exception class="java.lang.AssertionError">
            <message>
              <![CDATA[Expected 'IvyDMS' but found 'IvyDMS - Login']]>
            </message>
            <full-stacktrace>
              <![CDATA[java.lang.AssertionError: Expected 'IvyDMS' but found 'IvyDMS - Login'
at org.testng.Assert.fail(Assert.java:111)
at testCases.DataDrivenLoginTest.verifyLoginDDT(DataDrivenLoginTest.java:40)
at java.base/jdk.internal.reflect.DirectMethodHandleAccessor.invoke(DirectMethodHandleAccessor.java:103)
at java.base/java.lang.reflect.Method.invoke(Method.java:580)
at org.testng.internal.invokers.MethodInvocationHelper.invokeMethod(MethodInvocationHelper.java:141)
at org.testng.internal.invokers.TestInvoker.invokeMethod(TestInvoker.java:687)
at org.testng.internal.invokers.TestInvoker.invokeTestMethod(TestInvoker.java:230)
at org.testng.internal.invokers.MethodRunner.runInSequence(MethodRunner.java:63)
at org.testng.internal.invokers.TestInvoker$MethodInvocationAgent.invoke(TestInvoker.java:995)
at org.testng.internal.invokers.TestInvoker.invokeTestMethods(TestInvoker.java:203)
at org.testng.internal.invokers.TestMethodWorker.invokeTestMethods(TestMethodWorker.java:154)
at org.testng.internal.invokers.TestMethodWorker.run(TestMethodWorker.java:134)
at java.base/java.util.ArrayList.forEach(ArrayList.java:1596)
at org.testng.TestRunner.privateRun(TestRunner.java:741)
at org.testng.TestRunner.run(TestRunner.java:616)
at org.testng.SuiteRunner.runTest(SuiteRunner.java:421)
at org.testng.SuiteRunner.runSequentially(SuiteRunner.java:413)
at org.testng.SuiteRunner.privateRun(SuiteRunner.java:373)
at org.testng.SuiteRunner.run(SuiteRunner.java:312)
at org.testng.SuiteRunnerWorker.runSuite(SuiteRunnerWorker.java:52)
at org.testng.SuiteRunnerWorker.run(SuiteRunnerWorker.java:95)
at org.testng.TestNG.runSuitesSequentially(TestNG.java:1274)
at org.testng.TestNG.runSuitesLocally(TestNG.java:1208)
at org.testng.TestNG.runSuites(TestNG.java:1112)
at org.testng.TestNG.run(TestNG.java:1079)
at org.testng.remote.AbstractRemoteTestNG.run(AbstractRemoteTestNG.java:115)
at org.testng.remote.RemoteTestNG.initAndRun(RemoteTestNG.java:293)
at org.testng.remote.RemoteTestNG.main(RemoteTestNG.java:91)
]]>
            </full-stacktrace>
          </exception> <!-- java.lang.AssertionError -->
          <reporter-output>
          </reporter-output>
        </test-method> <!-- verifyLoginDDT -->
        <test-method signature="verifyLoginDDT(java.lang.String,java.lang.String,java.lang.String)[pri:0, instance:testCases.DataDrivenLoginTest@6ad59d92]" started-at="2025-10-31T01:41:06 IST" name="verifyLoginDDT" data-provider="LoginData" finished-at="2025-10-31T01:41:06 IST" duration-ms="582" status="PASS">
          <params>
            <param index="0">
              <value>
                <![CDATA[L1_user]]>
              </value>
            </param>
            <param index="1">
              <value>
                <![CDATA[2]]>
              </value>
            </param>
            <param index="2">
              <value>
                <![CDATA[InValid]]>
              </value>
            </param>
          </params>
          <reporter-output>
          </reporter-output>
        </test-method> <!-- verifyLoginDDT -->
        <test-method is-config="true" signature="tearDown()[pri:0, instance:testCases.DataDrivenLoginTest@6ad59d92]" started-at="2025-10-31T01:41:06 IST" name="tearDown" finished-at="2025-10-31T01:41:07 IST" duration-ms="387" status="PASS">
          <reporter-output>
          </reporter-output>
        </test-method> <!-- tearDown -->
      </class> <!-- testCases.DataDrivenLoginTest -->
    </test> <!-- LoginTest -->
  </suite> <!-- Suite -->
</testng-results>
